==4960== Memcheck, a memory error detector
==4960== Copyright (C) 2002-2010, and GNU GPL'd, by Julian Seward et al.
==4960== Using Valgrind-3.6.1 and LibVEX; rerun with -h for copyright info
==4960== Command: ./budget-cli p ls
==4960== Parent PID: 1555
==4960== 
--4960-- 
--4960-- Valgrind options:
--4960--    --suppressions=/usr/lib/valgrind/debian-libc6-dbg.supp
--4960--    -v
--4960--    --tool=memcheck
--4960--    --leak-check=full
--4960--    --log-file=valgrind.log
--4960-- Contents of /proc/version:
--4960--   Linux version 2.6.38-13-generic (buildd@palmer) (gcc version 4.5.2 (Ubuntu/Linaro 4.5.2-8ubuntu4) ) #54-Ubuntu SMP Tue Jan 3 13:44:52 UTC 2012
--4960-- Arch and hwcaps: X86, x86-sse1-sse2
--4960-- Page sizes: currently 4096, max supported 4096
--4960-- Valgrind library directory: /usr/lib/valgrind
--4960-- Reading syms from /lib/i386-linux-gnu/ld-2.13.so (0x4000000)
--4960--   Considering /lib/i386-linux-gnu/ld-2.13.so ..
--4960--   .. CRC mismatch (computed 2a2c2799 wanted 1e351f1f)
--4960--   Considering /usr/lib/debug/lib/i386-linux-gnu/ld-2.13.so ..
--4960--   .. CRC is valid
--4960-- Reading syms from /home/mabalew/Programy/C/budget/budget-cli (0x8048000)
--4960-- Reading syms from /usr/lib/valgrind/memcheck-x86-linux (0x38000000)
--4960--    object doesn't have a dynamic symbol table
--4960-- Reading suppressions file: /usr/lib/valgrind/debian-libc6-dbg.supp
--4960-- Reading suppressions file: /usr/lib/valgrind/default.supp
--4960-- REDIR: 0x4016a80 (index) redirected to 0x3803f82b (vgPlain_x86_linux_REDIR_FOR_index)
--4960-- Reading syms from /usr/lib/valgrind/vgpreload_core-x86-linux.so (0x4020000)
--4960-- Reading syms from /usr/lib/valgrind/vgpreload_memcheck-x86-linux.so (0x4023000)
==4960== WARNING: new redirection conflicts with existing -- ignoring it
--4960--     new: 0x04016a80 (index               ) R-> 0x04026c78 index
--4960-- REDIR: 0x4016c20 (strlen) redirected to 0x4027048 (strlen)
--4960-- Reading syms from /usr/lib/i386-linux-gnu/libsqlite3.so.0.8.6 (0x403d000)
--4960--   Considering /usr/lib/i386-linux-gnu/libsqlite3.so.0.8.6 ..
--4960--   .. CRC mismatch (computed f32d980f wanted 6ac48900)
--4960--    object doesn't have a symbol table
--4960-- Reading syms from /lib/i386-linux-gnu/libc-2.13.so (0x40c9000)
--4960--   Considering /lib/i386-linux-gnu/libc-2.13.so ..
--4960--   .. CRC mismatch (computed 97e88cd2 wanted 4635a554)
--4960--   Considering /usr/lib/debug/lib/i386-linux-gnu/libc-2.13.so ..
--4960--   .. CRC is valid
--4960-- Reading syms from /lib/i386-linux-gnu/libpthread-2.13.so (0x422a000)
--4960--   Considering /lib/i386-linux-gnu/libpthread-2.13.so ..
--4960--   .. CRC mismatch (computed 87269ed5 wanted 7df95f2f)
--4960--   Considering /usr/lib/debug/lib/i386-linux-gnu/libpthread-2.13.so ..
--4960--   .. CRC is valid
--4960-- Reading syms from /lib/i386-linux-gnu/libdl-2.13.so (0x4243000)
--4960--   Considering /lib/i386-linux-gnu/libdl-2.13.so ..
--4960--   .. CRC mismatch (computed 608d0daf wanted 983d6578)
--4960--   Considering /usr/lib/debug/lib/i386-linux-gnu/libdl-2.13.so ..
--4960--   .. CRC is valid
--4960-- REDIR: 0x4144140 (strstr) redirected to 0x4020479 (_vgnU_ifunc_wrapper)
--4960-- REDIR: 0x4143db0 (__GI_strstr) redirected to 0x4028ef1 (strstr)
--4960-- REDIR: 0x413d0b0 (rindex) redirected to 0x4026acc (rindex)
--4960-- REDIR: 0x413c740 (strcmp) redirected to 0x4020479 (_vgnU_ifunc_wrapper)
--4960-- REDIR: 0x41e5cb0 (__strcmp_ssse3) redirected to 0x40279d0 (strcmp)
--4960-- REDIR: 0x4138ef0 (malloc) redirected to 0x40267df (malloc)
--4960-- REDIR: 0x413df00 (memset) redirected to 0x4020479 (_vgnU_ifunc_wrapper)
--4960-- REDIR: 0x41dc960 (__memset_sse2) redirected to 0x40289b1 (memset)
--4960-- REDIR: 0x41393b0 (free) redirected to 0x4025b6b (free)
--4960-- REDIR: 0x413e520 (memcpy) redirected to 0x4020479 (_vgnU_ifunc_wrapper)
--4960-- REDIR: 0x41dda70 (__memcpy_ssse3) redirected to 0x4027b59 (memcpy)
--4960-- REDIR: 0x413cd30 (strlen) redirected to 0x4020479 (_vgnU_ifunc_wrapper)
--4960-- REDIR: 0x41436f0 (__strlen_sse2_bsf) redirected to 0x4027012 (strlen)
--4960-- REDIR: 0x413cfb0 (strncmp) redirected to 0x4020479 (_vgnU_ifunc_wrapper)
--4960-- REDIR: 0x41e7120 (__strncmp_ssse3) redirected to 0x4027448 (strncmp)
--4960-- REDIR: 0x413db10 (bcmp) redirected to 0x4020479 (_vgnU_ifunc_wrapper)
--4960-- REDIR: 0x41e8b10 (__memcmp_ssse3) redirected to 0x40285e1 (bcmp)
--4960-- REDIR: 0x4139490 (realloc) redirected to 0x402688e (realloc)
--4960-- REDIR: 0x413cd80 (__GI_strlen) redirected to 0x402702d (__GI_strlen)
--4960-- REDIR: 0x413f7e0 (strchrnul) redirected to 0x4028b3c (strchrnul)
--4960-- REDIR: 0x413c800 (strcpy) redirected to 0x402707e (strcpy)
==4960== 
==4960== HEAP SUMMARY:
==4960==     in use at exit: 30 bytes in 1 blocks
==4960==   total heap usage: 24,843 allocs, 24,842 frees, 7,484,238 bytes allocated
==4960== 
==4960== Searching for pointers to 1 not-freed blocks
==4960== Checked 81,412 bytes
==4960== 
==4960== 30 bytes in 1 blocks are definitely lost in loss record 1 of 1
==4960==    at 0x4026864: malloc (vg_replace_malloc.c:236)
==4960==    by 0x804A738: get_products_count (product.c:93)
==4960==    by 0x804AF70: __list_products (in /home/mabalew/Programy/C/budget/budget-cli)
==4960==    by 0x804B348: manage_product (in /home/mabalew/Programy/C/budget/budget-cli)
==4960==    by 0x804CBE6: main (budget-cli.c:25)
==4960== 
==4960== LEAK SUMMARY:
==4960==    definitely lost: 30 bytes in 1 blocks
==4960==    indirectly lost: 0 bytes in 0 blocks
==4960==      possibly lost: 0 bytes in 0 blocks
==4960==    still reachable: 0 bytes in 0 blocks
==4960==         suppressed: 0 bytes in 0 blocks
==4960== 
==4960== ERROR SUMMARY: 1 errors from 1 contexts (suppressed: 17 from 6)
--4960-- 
--4960-- used_suppression:     17 U1004-ARM-_dl_relocate_object
==4960== 
==4960== ERROR SUMMARY: 1 errors from 1 contexts (suppressed: 17 from 6)
